This file contains any messages produced by compilers while
running configure, to aid debugging if configure makes a mistake.

It was created by NCL configure 2.1.18, which was
generated by GNU Autoconf 2.67.  Invocation command line was

  $ ./configure 

## --------- ##
## Platform. ##
## --------- ##

hostname = loki
uname -m = x86_64
uname -r = 3.2.0-4-amd64
uname -s = Linux
uname -v = #1 SMP Debian 3.2.39-2

/usr/bin/uname -p = unknown
/bin/uname -X     = unknown

/bin/arch              = unknown
/usr/bin/arch -k       = unknown
/usr/convex/getsysinfo = unknown
/usr/bin/hostinfo      = unknown
/bin/machine           = unknown
/usr/bin/oslevel       = unknown
/bin/universe          = unknown

PATH: /lhome/labererae/lib/ompi/bin
PATH: /usr/local/bin
PATH: /usr/bin
PATH: /bin
PATH: /usr/local/games
PATH: /usr/games


## ----------- ##
## Core tests. ##
## ----------- ##

configure:2434: checking for a BSD-compatible install
configure:2502: result: /usr/bin/install -c
configure:2513: checking whether build environment is sane
configure:2563: result: yes
configure:2704: checking for a thread-safe mkdir -p
configure:2743: result: /bin/mkdir -p
configure:2756: checking for gawk
configure:2772: found /usr/bin/gawk
configure:2783: result: gawk
configure:2794: checking whether make sets $(MAKE)
configure:2816: result: yes
configure:2891: checking how to create a ustar tar archive
configure:2904: tar --version
tar (GNU tar) 1.26
Copyright (C) 2011 Free Software Foundation, Inc.
License GPLv3+: GNU GPL version 3 or later <http://gnu.org/licenses/gpl.html>.
This is free software: you are free to change and redistribute it.
There is NO WARRANTY, to the extent permitted by law.

Written by John Gilmore and Jay Fenlason.
configure:2907: $? = 0
configure:2947: tardir=conftest.dir && eval tar --format=ustar -chf - "$tardir" >conftest.tar
configure:2950: $? = 0
configure:2954: tar -xf - <conftest.tar
configure:2957: $? = 0
configure:2970: result: gnutar
configure:2981: checking whether ln -s works
configure:2985: result: yes
configure:3022: checking build system type
configure:3036: result: x86_64-unknown-linux-gnu
configure:3056: checking host system type
configure:3069: result: x86_64-unknown-linux-gnu
configure:3110: checking how to print strings
configure:3137: result: printf
configure:3170: checking for style of include used by make
configure:3198: result: GNU
configure:3269: checking for gcc
configure:3285: found /usr/bin/gcc
configure:3296: result: gcc
configure:3525: checking for C compiler version
configure:3534: gcc --version >&5
gcc (Debian 4.7.2-5) 4.7.2
Copyright (C) 2012 Free Software Foundation, Inc.
This is free software; see the source for copying conditions.  There is NO
warranty; not even for MERCHANTABILITY or FITNESS FOR A PARTICULAR PURPOSE.

configure:3545: $? = 0
configure:3534: gcc -v >&5
Using built-in specs.
COLLECT_GCC=gcc
COLLECT_LTO_WRAPPER=/usr/lib/gcc/x86_64-linux-gnu/4.7/lto-wrapper
Target: x86_64-linux-gnu
Configured with: ../src/configure -v --with-pkgversion='Debian 4.7.2-5' --with-bugurl=file:///usr/share/doc/gcc-4.7/README.Bugs --enable-languages=c,c++,go,fortran,objc,obj-c++ --prefix=/usr --program-suffix=-4.7 --enable-shared --enable-linker-build-id --with-system-zlib --libexecdir=/usr/lib --without-included-gettext --enable-threads=posix --with-gxx-include-dir=/usr/include/c++/4.7 --libdir=/usr/lib --enable-nls --with-sysroot=/ --enable-clocale=gnu --enable-libstdcxx-debug --enable-libstdcxx-time=yes --enable-gnu-unique-object --enable-plugin --enable-objc-gc --with-arch-32=i586 --with-tune=generic --enable-checking=release --build=x86_64-linux-gnu --host=x86_64-linux-gnu --target=x86_64-linux-gnu
Thread model: posix
gcc version 4.7.2 (Debian 4.7.2-5) 
configure:3545: $? = 0
configure:3534: gcc -V >&5
gcc: error: unrecognized command line option '-V'
gcc: fatal error: no input files
compilation terminated.
configure:3545: $? = 4
configure:3534: gcc -qversion >&5
gcc: error: unrecognized command line option '-qversion'
gcc: fatal error: no input files
compilation terminated.
configure:3545: $? = 4
configure:3565: checking whether the C compiler works
configure:3587: gcc    conftest.c  >&5
configure:3591: $? = 0
configure:3639: result: yes
configure:3642: checking for C compiler default output file name
configure:3644: result: a.out
configure:3650: checking for suffix of executables
configure:3657: gcc -o conftest    conftest.c  >&5
configure:3661: $? = 0
configure:3683: result: 
configure:3705: checking whether we are cross compiling
configure:3713: gcc -o conftest    conftest.c  >&5
configure:3717: $? = 0
configure:3724: ./conftest
configure:3728: $? = 0
configure:3743: result: no
configure:3748: checking for suffix of object files
configure:3770: gcc -c   conftest.c >&5
configure:3774: $? = 0
configure:3795: result: o
configure:3799: checking whether we are using the GNU C compiler
configure:3818: gcc -c   conftest.c >&5
configure:3818: $? = 0
configure:3827: result: yes
configure:3836: checking whether gcc accepts -g
configure:3856: gcc -c -g  conftest.c >&5
configure:3856: $? = 0
configure:3897: result: yes
configure:3914: checking for gcc option to accept ISO C89
configure:3978: gcc  -c -g -O2  conftest.c >&5
configure:3978: $? = 0
configure:3991: result: none needed
configure:4013: checking dependency style of gcc
configure:4124: result: gcc3
configure:4139: checking for a sed that does not truncate output
configure:4203: result: /bin/sed
configure:4221: checking for grep that handles long lines and -e
configure:4279: result: /bin/grep
configure:4284: checking for egrep
configure:4346: result: /bin/grep -E
configure:4351: checking for fgrep
configure:4413: result: /bin/grep -F
configure:4448: checking for ld used by gcc
configure:4515: result: /usr/bin/ld
configure:4522: checking if the linker (/usr/bin/ld) is GNU ld
configure:4537: result: yes
configure:4549: checking for BSD- or MS-compatible name lister (nm)
configure:4598: result: /usr/bin/nm -B
configure:4728: checking the name lister (/usr/bin/nm -B) interface
configure:4735: gcc -c -g -O2  conftest.c >&5
configure:4738: /usr/bin/nm -B "conftest.o"
configure:4741: output
0000000000000000 B some_variable
configure:4748: result: BSD nm
configure:4752: checking the maximum length of command line arguments
configure:4877: result: 1572864
configure:4894: checking whether the shell understands some XSI constructs
configure:4904: result: yes
configure:4908: checking whether the shell understands "+="
configure:4914: result: yes
configure:4949: checking how to convert x86_64-unknown-linux-gnu file names to x86_64-unknown-linux-gnu format
configure:4989: result: func_convert_file_noop
configure:4996: checking how to convert x86_64-unknown-linux-gnu file names to toolchain format
configure:5016: result: func_convert_file_noop
configure:5023: checking for /usr/bin/ld option to reload object files
configure:5030: result: -r
configure:5104: checking for objdump
configure:5120: found /usr/bin/objdump
configure:5131: result: objdump
configure:5163: checking how to recognize dependent libraries
configure:5365: result: pass_all
configure:5450: checking for dlltool
configure:5480: result: no
configure:5510: checking how to associate runtime and link libraries
configure:5537: result: printf %s\n
configure:5598: checking for ar
configure:5614: found /usr/bin/ar
configure:5625: result: ar
configure:5662: checking for archiver @FILE support
configure:5679: gcc -c -g -O2  conftest.c >&5
configure:5679: $? = 0
configure:5682: ar cru libconftest.a @conftest.lst >&5
configure:5685: $? = 0
configure:5690: ar cru libconftest.a @conftest.lst >&5
ar: conftest.o: No such file or directory
configure:5693: $? = 1
configure:5705: result: @
configure:5763: checking for strip
configure:5779: found /usr/bin/strip
configure:5790: result: strip
configure:5862: checking for ranlib
configure:5878: found /usr/bin/ranlib
configure:5889: result: ranlib
configure:5991: checking command to parse /usr/bin/nm -B output from gcc object
configure:6110: gcc -c -g -O2  conftest.c >&5
configure:6113: $? = 0
configure:6117: /usr/bin/nm -B conftest.o \| sed -n -e 's/^.*[ ]\([ABCDGIRSTW][ABCDGIRSTW]*\)[ ][ ]*\([_A-Za-z][_A-Za-z0-9]*\)$/\1 \2 \2/p' | sed '/ __gnu_lto/d' \> conftest.nm
configure:6120: $? = 0
configure:6186: gcc -o conftest -g -O2   conftest.c conftstm.o >&5
configure:6189: $? = 0
configure:6227: result: ok
configure:6264: checking for sysroot
configure:6294: result: no
configure:6371: gcc -c -g -O2  conftest.c >&5
configure:6374: $? = 0
configure:6537: checking for mt
configure:6553: found /bin/mt
configure:6564: result: mt
configure:6587: checking if mt is a manifest tool
configure:6593: mt '-?'
configure:6601: result: no
configure:7233: checking how to run the C preprocessor
configure:7264: gcc -E  conftest.c
configure:7264: $? = 0
configure:7278: gcc -E  conftest.c
conftest.c:11:28: fatal error: ac_nonexistent.h: No such file or directory
compilation terminated.
configure:7278: $? = 1
configure: failed program was:
| /* confdefs.h */
| #define PACKAGE_NAME "NCL"
| #define PACKAGE_TARNAME "ncl"
| #define PACKAGE_VERSION "2.1.18"
| #define PACKAGE_STRING "NCL 2.1.18"
| #define PACKAGE_BUGREPORT "mtholder@gmail.com"
| #define PACKAGE_URL ""
| #define PACKAGE "ncl"
| #define VERSION "2.1.18"
| /* end confdefs.h.  */
| #include <ac_nonexistent.h>
configure:7303: result: gcc -E
configure:7323: gcc -E  conftest.c
configure:7323: $? = 0
configure:7337: gcc -E  conftest.c
conftest.c:11:28: fatal error: ac_nonexistent.h: No such file or directory
compilation terminated.
configure:7337: $? = 1
configure: failed program was:
| /* confdefs.h */
| #define PACKAGE_NAME "NCL"
| #define PACKAGE_TARNAME "ncl"
| #define PACKAGE_VERSION "2.1.18"
| #define PACKAGE_STRING "NCL 2.1.18"
| #define PACKAGE_BUGREPORT "mtholder@gmail.com"
| #define PACKAGE_URL ""
| #define PACKAGE "ncl"
| #define VERSION "2.1.18"
| /* end confdefs.h.  */
| #include <ac_nonexistent.h>
configure:7366: checking for ANSI C header files
configure:7386: gcc -c -g -O2  conftest.c >&5
configure:7386: $? = 0
configure:7459: gcc -o conftest -g -O2   conftest.c  >&5
configure:7459: $? = 0
configure:7459: ./conftest
configure:7459: $? = 0
configure:7470: result: yes
configure:7483: checking for sys/types.h
configure:7483: gcc -c -g -O2  conftest.c >&5
configure:7483: $? = 0
configure:7483: result: yes
configure:7483: checking for sys/stat.h
configure:7483: gcc -c -g -O2  conftest.c >&5
configure:7483: $? = 0
configure:7483: result: yes
configure:7483: checking for stdlib.h
configure:7483: gcc -c -g -O2  conftest.c >&5
configure:7483: $? = 0
configure:7483: result: yes
configure:7483: checking for string.h
configure:7483: gcc -c -g -O2  conftest.c >&5
configure:7483: $? = 0
configure:7483: result: yes
configure:7483: checking for memory.h
configure:7483: gcc -c -g -O2  conftest.c >&5
configure:7483: $? = 0
configure:7483: result: yes
configure:7483: checking for strings.h
configure:7483: gcc -c -g -O2  conftest.c >&5
configure:7483: $? = 0
configure:7483: result: yes
configure:7483: checking for inttypes.h
configure:7483: gcc -c -g -O2  conftest.c >&5
configure:7483: $? = 0
configure:7483: result: yes
configure:7483: checking for stdint.h
configure:7483: gcc -c -g -O2  conftest.c >&5
configure:7483: $? = 0
configure:7483: result: yes
configure:7483: checking for unistd.h
configure:7483: gcc -c -g -O2  conftest.c >&5
configure:7483: $? = 0
configure:7483: result: yes
configure:7497: checking for dlfcn.h
configure:7497: gcc -c -g -O2  conftest.c >&5
configure:7497: $? = 0
configure:7497: result: yes
configure:7684: checking for objdir
configure:7699: result: .libs
configure:7970: checking if gcc supports -fno-rtti -fno-exceptions
configure:7988: gcc -c -g -O2  -fno-rtti -fno-exceptions conftest.c >&5
cc1: warning: command line option '-fno-rtti' is valid for C++/ObjC++ but not for C [enabled by default]
configure:7992: $? = 0
configure:8005: result: no
configure:8315: checking for gcc option to produce PIC
configure:8322: result: -fPIC -DPIC
configure:8330: checking if gcc PIC flag -fPIC -DPIC works
configure:8348: gcc -c -g -O2  -fPIC -DPIC -DPIC conftest.c >&5
configure:8352: $? = 0
configure:8365: result: yes
configure:8394: checking if gcc static flag -static works
configure:8422: result: yes
configure:8437: checking if gcc supports -c -o file.o
configure:8458: gcc -c -g -O2  -o out/conftest2.o conftest.c >&5
configure:8462: $? = 0
configure:8484: result: yes
configure:8492: checking if gcc supports -c -o file.o
configure:8539: result: yes
configure:8572: checking whether the gcc linker (/usr/bin/ld -m elf_x86_64) supports shared libraries
configure:9730: result: yes
configure:9767: checking whether -lc should be explicitly linked in
configure:9775: gcc -c -g -O2  conftest.c >&5
configure:9778: $? = 0
configure:9793: gcc -shared  -fPIC -DPIC conftest.o  -v -Wl,-soname -Wl,conftest -o conftest 2\>\&1 \| /bin/grep  -lc  \>/dev/null 2\>\&1
configure:9796: $? = 0
configure:9810: result: no
configure:9975: checking dynamic linker characteristics
configure:10489: gcc -o conftest -g -O2   -Wl,-rpath -Wl,/foo conftest.c  >&5
configure:10489: $? = 0
configure:10711: result: GNU/Linux ld.so
configure:10818: checking how to hardcode library paths into programs
configure:10843: result: immediate
configure:11383: checking whether stripping libraries is possible
configure:11388: result: yes
configure:11423: checking if libtool supports shared libraries
configure:11425: result: yes
configure:11428: checking whether to build shared libraries
configure:11449: result: yes
configure:11452: checking whether to build static libraries
configure:11456: result: yes
configure:11558: checking for g++
configure:11574: found /usr/bin/g++
configure:11585: result: g++
configure:11612: checking for C++ compiler version
configure:11621: g++ --version >&5
g++ (Debian 4.7.2-5) 4.7.2
Copyright (C) 2012 Free Software Foundation, Inc.
This is free software; see the source for copying conditions.  There is NO
warranty; not even for MERCHANTABILITY or FITNESS FOR A PARTICULAR PURPOSE.

configure:11632: $? = 0
configure:11621: g++ -v >&5
Using built-in specs.
COLLECT_GCC=g++
COLLECT_LTO_WRAPPER=/usr/lib/gcc/x86_64-linux-gnu/4.7/lto-wrapper
Target: x86_64-linux-gnu
Configured with: ../src/configure -v --with-pkgversion='Debian 4.7.2-5' --with-bugurl=file:///usr/share/doc/gcc-4.7/README.Bugs --enable-languages=c,c++,go,fortran,objc,obj-c++ --prefix=/usr --program-suffix=-4.7 --enable-shared --enable-linker-build-id --with-system-zlib --libexecdir=/usr/lib --without-included-gettext --enable-threads=posix --with-gxx-include-dir=/usr/include/c++/4.7 --libdir=/usr/lib --enable-nls --with-sysroot=/ --enable-clocale=gnu --enable-libstdcxx-debug --enable-libstdcxx-time=yes --enable-gnu-unique-object --enable-plugin --enable-objc-gc --with-arch-32=i586 --with-tune=generic --enable-checking=release --build=x86_64-linux-gnu --host=x86_64-linux-gnu --target=x86_64-linux-gnu
Thread model: posix
gcc version 4.7.2 (Debian 4.7.2-5) 
configure:11632: $? = 0
configure:11621: g++ -V >&5
g++: error: unrecognized command line option '-V'
g++: fatal error: no input files
compilation terminated.
configure:11632: $? = 4
configure:11621: g++ -qversion >&5
g++: error: unrecognized command line option '-qversion'
g++: fatal error: no input files
compilation terminated.
configure:11632: $? = 4
configure:11636: checking whether we are using the GNU C++ compiler
configure:11655: g++ -c   conftest.cpp >&5
configure:11655: $? = 0
configure:11664: result: yes
configure:11673: checking whether g++ accepts -g
configure:11693: g++ -c -g  conftest.cpp >&5
configure:11693: $? = 0
configure:11734: result: yes
configure:11759: checking dependency style of g++
configure:11870: result: gcc3
configure:11903: checking how to run the C++ preprocessor
configure:11930: g++ -E  conftest.cpp
configure:11930: $? = 0
configure:11944: g++ -E  conftest.cpp
conftest.cpp:23:28: fatal error: ac_nonexistent.h: No such file or directory
compilation terminated.
configure:11944: $? = 1
configure: failed program was:
| /* confdefs.h */
| #define PACKAGE_NAME "NCL"
| #define PACKAGE_TARNAME "ncl"
| #define PACKAGE_VERSION "2.1.18"
| #define PACKAGE_STRING "NCL 2.1.18"
| #define PACKAGE_BUGREPORT "mtholder@gmail.com"
| #define PACKAGE_URL ""
| #define PACKAGE "ncl"
| #define VERSION "2.1.18"
| #define STDC_HEADERS 1
| #define HAVE_SYS_TYPES_H 1
| #define HAVE_SYS_STAT_H 1
| #define HAVE_STDLIB_H 1
| #define HAVE_STRING_H 1
| #define HAVE_MEMORY_H 1
| #define HAVE_STRINGS_H 1
| #define HAVE_INTTYPES_H 1
| #define HAVE_STDINT_H 1
| #define HAVE_UNISTD_H 1
| #define HAVE_DLFCN_H 1
| #define LT_OBJDIR ".libs/"
| /* end confdefs.h.  */
| #include <ac_nonexistent.h>
configure:11969: result: g++ -E
configure:11989: g++ -E  conftest.cpp
configure:11989: $? = 0
configure:12003: g++ -E  conftest.cpp
conftest.cpp:23:28: fatal error: ac_nonexistent.h: No such file or directory
compilation terminated.
configure:12003: $? = 1
configure: failed program was:
| /* confdefs.h */
| #define PACKAGE_NAME "NCL"
| #define PACKAGE_TARNAME "ncl"
| #define PACKAGE_VERSION "2.1.18"
| #define PACKAGE_STRING "NCL 2.1.18"
| #define PACKAGE_BUGREPORT "mtholder@gmail.com"
| #define PACKAGE_URL ""
| #define PACKAGE "ncl"
| #define VERSION "2.1.18"
| #define STDC_HEADERS 1
| #define HAVE_SYS_TYPES_H 1
| #define HAVE_SYS_STAT_H 1
| #define HAVE_STDLIB_H 1
| #define HAVE_STRING_H 1
| #define HAVE_MEMORY_H 1
| #define HAVE_STRINGS_H 1
| #define HAVE_INTTYPES_H 1
| #define HAVE_STDINT_H 1
| #define HAVE_UNISTD_H 1
| #define HAVE_DLFCN_H 1
| #define LT_OBJDIR ".libs/"
| /* end confdefs.h.  */
| #include <ac_nonexistent.h>
configure:12173: checking for ld used by g++
configure:12240: result: /usr/bin/ld -m elf_x86_64
configure:12247: checking if the linker (/usr/bin/ld -m elf_x86_64) is GNU ld
configure:12262: result: yes
configure:12317: checking whether the g++ linker (/usr/bin/ld -m elf_x86_64) supports shared libraries
configure:13321: result: yes
configure:13356: g++ -c -g -O2  conftest.cpp >&5
configure:13359: $? = 0
configure:13879: checking for g++ option to produce PIC
configure:13886: result: -fPIC -DPIC
configure:13894: checking if g++ PIC flag -fPIC -DPIC works
configure:13912: g++ -c -g -O2  -fPIC -DPIC -DPIC conftest.cpp >&5
configure:13916: $? = 0
configure:13929: result: yes
configure:13952: checking if g++ static flag -static works
configure:13980: result: yes
configure:13992: checking if g++ supports -c -o file.o
configure:14013: g++ -c -g -O2  -o out/conftest2.o conftest.cpp >&5
configure:14017: $? = 0
configure:14039: result: yes
configure:14044: checking if g++ supports -c -o file.o
configure:14091: result: yes
configure:14121: checking whether the g++ linker (/usr/bin/ld -m elf_x86_64) supports shared libraries
configure:14155: result: yes
configure:14298: checking dynamic linker characteristics
configure:14968: result: GNU/Linux ld.so
configure:15021: checking how to hardcode library paths into programs
configure:15046: result: immediate
configure:15181: checking whether C++ compiler works
configure:15202: g++ -c  -O3 -ffast-math   conftest.cpp >&5
configure:15202: $? = 0
configure:15208: result: yes
configure:15288: checking for ANSI C header files
configure:15392: result: yes
configure:15403: checking float.h usability
configure:15403: gcc -c -g -O2 -I$(top_srcdir)  conftest.c >&5
configure:15403: $? = 0
configure:15403: result: yes
configure:15403: checking float.h presence
configure:15403: gcc -E -I$(top_srcdir)  conftest.c
configure:15403: $? = 0
configure:15403: result: yes
configure:15403: checking for float.h
configure:15403: result: yes
configure:15403: checking for stdlib.h
configure:15403: result: yes
configure:15415: checking for stdbool.h that conforms to C99
configure:15500: gcc -c -g -O2 -I$(top_srcdir)  conftest.c >&5
configure:15500: $? = 0
configure:15507: result: yes
configure:15509: checking for _Bool
configure:15509: gcc -c -g -O2 -I$(top_srcdir)  conftest.c >&5
configure:15509: $? = 0
configure:15509: gcc -c -g -O2 -I$(top_srcdir)  conftest.c >&5
conftest.c: In function 'main':
conftest.c:62:20: error: expected expression before ')' token
configure:15509: $? = 1
configure: failed program was:
| /* confdefs.h */
| #define PACKAGE_NAME "NCL"
| #define PACKAGE_TARNAME "ncl"
| #define PACKAGE_VERSION "2.1.18"
| #define PACKAGE_STRING "NCL 2.1.18"
| #define PACKAGE_BUGREPORT "mtholder@gmail.com"
| #define PACKAGE_URL ""
| #define PACKAGE "ncl"
| #define VERSION "2.1.18"
| #define STDC_HEADERS 1
| #define HAVE_SYS_TYPES_H 1
| #define HAVE_SYS_STAT_H 1
| #define HAVE_STDLIB_H 1
| #define HAVE_STRING_H 1
| #define HAVE_MEMORY_H 1
| #define HAVE_STRINGS_H 1
| #define HAVE_INTTYPES_H 1
| #define HAVE_STDINT_H 1
| #define HAVE_UNISTD_H 1
| #define HAVE_DLFCN_H 1
| #define LT_OBJDIR ".libs/"
| #define STDC_HEADERS 1
| #define HAVE_FLOAT_H 1
| #define HAVE_STDLIB_H 1
| /* end confdefs.h.  */
| #include <stdio.h>
| #ifdef HAVE_SYS_TYPES_H
| # include <sys/types.h>
| #endif
| #ifdef HAVE_SYS_STAT_H
| # include <sys/stat.h>
| #endif
| #ifdef STDC_HEADERS
| # include <stdlib.h>
| # include <stddef.h>
| #else
| # ifdef HAVE_STDLIB_H
| #  include <stdlib.h>
| # endif
| #endif
| #ifdef HAVE_STRING_H
| # if !defined STDC_HEADERS && defined HAVE_MEMORY_H
| #  include <memory.h>
| # endif
| # include <string.h>
| #endif
| #ifdef HAVE_STRINGS_H
| # include <strings.h>
| #endif
| #ifdef HAVE_INTTYPES_H
| # include <inttypes.h>
| #endif
| #ifdef HAVE_STDINT_H
| # include <stdint.h>
| #endif
| #ifdef HAVE_UNISTD_H
| # include <unistd.h>
| #endif
| int
| main ()
| {
| if (sizeof ((_Bool)))
| 	    return 0;
|   ;
|   return 0;
| }
configure:15509: result: yes
configure:15525: checking for an ANSI C-conforming const
configure:15590: gcc -c -g -O2 -I$(top_srcdir)  conftest.c >&5
configure:15590: $? = 0
configure:15597: result: yes
configure:15605: checking for inline
configure:15621: gcc -c -g -O2 -I$(top_srcdir)  conftest.c >&5
configure:15621: $? = 0
configure:15629: result: inline
configure:15647: checking whether struct tm is in sys/time.h or time.h
configure:15667: gcc -c -g -O2 -I$(top_srcdir)  conftest.c >&5
configure:15667: $? = 0
configure:15674: result: time.h
configure:15684: checking whether time.h and sys/time.h may both be included
configure:15704: gcc -c -g -O2 -I$(top_srcdir)  conftest.c >&5
configure:15704: $? = 0
configure:15711: result: yes
configure:15725: checking for sys/time.h
configure:15725: gcc -c -g -O2 -I$(top_srcdir)  conftest.c >&5
configure:15725: $? = 0
configure:15725: result: yes
configure:15725: checking for unistd.h
configure:15725: result: yes
configure:15746: checking for alarm
configure:15746: gcc -o conftest -g -O2 -I$(top_srcdir)   conftest.c  >&5
configure:15746: $? = 0
configure:15746: result: yes
configure:15759: checking for working mktime
configure:15961: gcc -o conftest -g -O2 -I$(top_srcdir)   conftest.c  >&5
configure:15961: $? = 0
configure:15961: ./conftest
configure:15961: $? = 0
configure:15971: result: yes
configure:15982: checking for working strtod
configure:16023: gcc -o conftest -g -O2 -I$(top_srcdir)   conftest.c  >&5
configure:16023: $? = 0
configure:16023: ./conftest
configure:16023: $? = 0
configure:16033: result: yes
configure:16098: checking for memmove
configure:16098: gcc -o conftest -g -O2 -I$(top_srcdir)   conftest.c  >&5
conftest.c:55:6: warning: conflicting types for built-in function 'memmove' [enabled by default]
configure:16098: $? = 0
configure:16098: result: yes
configure:16098: checking for strchr
configure:16098: gcc -o conftest -g -O2 -I$(top_srcdir)   conftest.c  >&5
conftest.c:56:6: warning: conflicting types for built-in function 'strchr' [enabled by default]
configure:16098: $? = 0
configure:16098: result: yes
configure:16098: checking for strtol
configure:16098: gcc -o conftest -g -O2 -I$(top_srcdir)   conftest.c  >&5
configure:16098: $? = 0
configure:16098: result: yes
configure:16114: checking for python
configure:16132: found /usr/bin/python
configure:16144: result: /usr/bin/python
configure:16196: checking python module: subprocess
configure:16206: result: yes
configure:16263: checking whether make sets $(MAKE)
configure:16285: result: yes
configure:16420: creating ./config.status

## ---------------------- ##
## Running config.status. ##
## ---------------------- ##

This file was extended by NCL config.status 2.1.18, which was
generated by GNU Autoconf 2.67.  Invocation command line was

  CONFIG_FILES    = 
  CONFIG_HEADERS  = 
  CONFIG_LINKS    = 
  CONFIG_COMMANDS = 
  $ ./config.status 

on loki

config.status:1165: creating Makefile
config.status:1165: creating ncl/Makefile
config.status:1165: creating nclv2.1.pc
config.status:1165: creating config.h
config.status:1345: config.h is unchanged
config.status:1393: executing depfiles commands
config.status:1393: executing libtool commands

## ---------------- ##
## Cache variables. ##
## ---------------- ##

ac_cv_build=x86_64-unknown-linux-gnu
ac_cv_c_compiler_gnu=yes
ac_cv_c_const=yes
ac_cv_c_inline=inline
ac_cv_cxx_compiler_gnu=yes
ac_cv_env_CCC_set=
ac_cv_env_CCC_value=
ac_cv_env_CC_set=
ac_cv_env_CC_value=
ac_cv_env_CFLAGS_set=
ac_cv_env_CFLAGS_value=
ac_cv_env_CPPFLAGS_set=
ac_cv_env_CPPFLAGS_value=
ac_cv_env_CPP_set=
ac_cv_env_CPP_value=
ac_cv_env_CXXCPP_set=
ac_cv_env_CXXCPP_value=
ac_cv_env_CXXFLAGS_set=
ac_cv_env_CXXFLAGS_value=
ac_cv_env_CXX_set=
ac_cv_env_CXX_value=
ac_cv_env_LDFLAGS_set=
ac_cv_env_LDFLAGS_value=
ac_cv_env_LIBS_set=
ac_cv_env_LIBS_value=
ac_cv_env_build_alias_set=
ac_cv_env_build_alias_value=
ac_cv_env_host_alias_set=
ac_cv_env_host_alias_value=
ac_cv_env_target_alias_set=
ac_cv_env_target_alias_value=
ac_cv_func_alarm=yes
ac_cv_func_memmove=yes
ac_cv_func_strchr=yes
ac_cv_func_strtod=yes
ac_cv_func_strtol=yes
ac_cv_func_working_mktime=yes
ac_cv_header_dlfcn_h=yes
ac_cv_header_float_h=yes
ac_cv_header_inttypes_h=yes
ac_cv_header_memory_h=yes
ac_cv_header_stdbool_h=yes
ac_cv_header_stdc=yes
ac_cv_header_stdint_h=yes
ac_cv_header_stdlib_h=yes
ac_cv_header_string_h=yes
ac_cv_header_strings_h=yes
ac_cv_header_sys_stat_h=yes
ac_cv_header_sys_time_h=yes
ac_cv_header_sys_types_h=yes
ac_cv_header_time=yes
ac_cv_header_unistd_h=yes
ac_cv_host=x86_64-unknown-linux-gnu
ac_cv_objext=o
ac_cv_path_EGREP='/bin/grep -E'
ac_cv_path_FGREP='/bin/grep -F'
ac_cv_path_GREP=/bin/grep
ac_cv_path_PYTHON=/usr/bin/python
ac_cv_path_SED=/bin/sed
ac_cv_path_install='/usr/bin/install -c'
ac_cv_path_mkdir=/bin/mkdir
ac_cv_prog_AWK=gawk
ac_cv_prog_CPP='gcc -E'
ac_cv_prog_CXXCPP='g++ -E'
ac_cv_prog_ac_ct_AR=ar
ac_cv_prog_ac_ct_CC=gcc
ac_cv_prog_ac_ct_CXX=g++
ac_cv_prog_ac_ct_MANIFEST_TOOL=mt
ac_cv_prog_ac_ct_OBJDUMP=objdump
ac_cv_prog_ac_ct_RANLIB=ranlib
ac_cv_prog_ac_ct_STRIP=strip
ac_cv_prog_cc_c89=
ac_cv_prog_cc_g=yes
ac_cv_prog_cxx_g=yes
ac_cv_prog_make_make_set=yes
ac_cv_struct_tm=time.h
ac_cv_type__Bool=yes
am_cv_CC_dependencies_compiler_type=gcc3
am_cv_CXX_dependencies_compiler_type=gcc3
am_cv_prog_tar_ustar=gnutar
lt_cv_ar_at_file=@
lt_cv_archive_cmds_need_lc=no
lt_cv_deplibs_check_method=pass_all
lt_cv_file_magic_cmd='$MAGIC_CMD'
lt_cv_file_magic_test_file=
lt_cv_ld_reload_flag=-r
lt_cv_nm_interface='BSD nm'
lt_cv_objdir=.libs
lt_cv_path_LD=/usr/bin/ld
lt_cv_path_LDCXX='/usr/bin/ld -m elf_x86_64'
lt_cv_path_NM='/usr/bin/nm -B'
lt_cv_path_mainfest_tool=no
lt_cv_prog_compiler_c_o=yes
lt_cv_prog_compiler_c_o_CXX=yes
lt_cv_prog_compiler_pic='-fPIC -DPIC'
lt_cv_prog_compiler_pic_CXX='-fPIC -DPIC'
lt_cv_prog_compiler_pic_works=yes
lt_cv_prog_compiler_pic_works_CXX=yes
lt_cv_prog_compiler_rtti_exceptions=no
lt_cv_prog_compiler_static_works=yes
lt_cv_prog_compiler_static_works_CXX=yes
lt_cv_prog_gnu_ld=yes
lt_cv_prog_gnu_ldcxx=yes
lt_cv_sharedlib_from_linklib_cmd='printf %s\n'
lt_cv_shlibpath_overrides_runpath=no
lt_cv_sys_global_symbol_pipe='sed -n -e '\''s/^.*[	 ]\([ABCDGIRSTW][ABCDGIRSTW]*\)[	 ][	 ]*\([_A-Za-z][_A-Za-z0-9]*\)$/\1 \2 \2/p'\'' | sed '\''/ __gnu_lto/d'\'''
lt_cv_sys_global_symbol_to_c_name_address='sed -n -e '\''s/^: \([^ ]*\)[ ]*$/  {\"\1\", (void *) 0},/p'\'' -e '\''s/^[ABCDGIRSTW]* \([^ ]*\) \([^ ]*\)$/  {"\2", (void *) \&\2},/p'\'''
lt_cv_sys_global_symbol_to_c_name_address_lib_prefix='sed -n -e '\''s/^: \([^ ]*\)[ ]*$/  {\"\1\", (void *) 0},/p'\'' -e '\''s/^[ABCDGIRSTW]* \([^ ]*\) \(lib[^ ]*\)$/  {"\2", (void *) \&\2},/p'\'' -e '\''s/^[ABCDGIRSTW]* \([^ ]*\) \([^ ]*\)$/  {"lib\2", (void *) \&\2},/p'\'''
lt_cv_sys_global_symbol_to_cdecl='sed -n -e '\''s/^T .* \(.*\)$/extern int \1();/p'\'' -e '\''s/^[ABCDGIRSTW]* .* \(.*\)$/extern char \1;/p'\'''
lt_cv_sys_max_cmd_len=1572864
lt_cv_to_host_file_cmd=func_convert_file_noop
lt_cv_to_tool_file_cmd=func_convert_file_noop

## ----------------- ##
## Output variables. ##
## ----------------- ##

ACLOCAL='${SHELL} /lhome/labererae/proj/exa-bayes/lib/ncl-2.1.18/config/missing --run aclocal-1.11'
AMDEPBACKSLASH='\'
AMDEP_FALSE='#'
AMDEP_TRUE=''
AMTAR='$${TAR-tar}'
AR='ar'
AUTOCONF='${SHELL} /lhome/labererae/proj/exa-bayes/lib/ncl-2.1.18/config/missing --run autoconf'
AUTOHEADER='${SHELL} /lhome/labererae/proj/exa-bayes/lib/ncl-2.1.18/config/missing --run autoheader'
AUTOMAKE='${SHELL} /lhome/labererae/proj/exa-bayes/lib/ncl-2.1.18/config/missing --run automake-1.11'
AWK='gawk'
CC='gcc'
CCDEPMODE='depmode=gcc3'
CFLAGS='-g -O2'
CPP='gcc -E'
CPPFLAGS='-I$(top_srcdir) '
CXX='g++'
CXXCPP='g++ -E'
CXXDEPMODE='depmode=gcc3'
CXXFLAGS=' -O3 -ffast-math '
CYGPATH_W='echo'
DEFS='-DHAVE_CONFIG_H'
DEPDIR='.deps'
DLLTOOL='false'
DSYMUTIL=''
DUMPBIN=''
ECHO_C=''
ECHO_N='-n'
ECHO_T=''
EGREP='/bin/grep -E'
EXEEXT=''
FGREP='/bin/grep -F'
GREP='/bin/grep'
INSTALL_DATA='${INSTALL} -m 644'
INSTALL_PROGRAM='${INSTALL}'
INSTALL_SCRIPT='${INSTALL}'
INSTALL_STRIP_PROGRAM='$(install_sh) -c -s'
LD='/usr/bin/ld -m elf_x86_64'
LDFLAGS=''
LIBOBJS=''
LIBS=''
LIBTOOL='$(SHELL) $(top_builddir)/libtool'
LIPO=''
LN_S='ln -s'
LTLIBOBJS=''
MAKEINFO='${SHELL} /lhome/labererae/proj/exa-bayes/lib/ncl-2.1.18/config/missing --run makeinfo'
MANIFEST_TOOL=':'
MKDIR_P='/bin/mkdir -p'
NM='/usr/bin/nm -B'
NMEDIT=''
OBJDUMP='objdump'
OBJEXT='o'
OTOOL64=''
OTOOL=''
PACKAGE='ncl'
PACKAGE_BUGREPORT='mtholder@gmail.com'
PACKAGE_NAME='NCL'
PACKAGE_STRING='NCL 2.1.18'
PACKAGE_TARNAME='ncl'
PACKAGE_URL=''
PACKAGE_VERSION='2.1.18'
PATH_SEPARATOR=':'
POW_LIB=''
PYTHON='/usr/bin/python'
RANLIB='ranlib'
SED='/bin/sed'
SET_MAKE=''
SHELL='/bin/bash'
STRIP='strip'
VERSION='2.1.18'
ac_ct_AR='ar'
ac_ct_CC='gcc'
ac_ct_CXX='g++'
ac_ct_DUMPBIN=''
am__EXEEXT_FALSE=''
am__EXEEXT_TRUE='#'
am__fastdepCC_FALSE='#'
am__fastdepCC_TRUE=''
am__fastdepCXX_FALSE='#'
am__fastdepCXX_TRUE=''
am__include='include'
am__isrc=''
am__leading_dot='.'
am__nodep='_no'
am__quote=''
am__tar='tar --format=ustar -chf - "$$tardir"'
am__untar='tar -xf -'
bindir='${exec_prefix}/bin'
build='x86_64-unknown-linux-gnu'
build_alias=''
build_cpu='x86_64'
build_os='linux-gnu'
build_vendor='unknown'
datadir='${datarootdir}'
datarootdir='${prefix}/share'
docdir='${datarootdir}/doc/${PACKAGE_TARNAME}'
dvidir='${docdir}'
exec_prefix='${prefix}'
host='x86_64-unknown-linux-gnu'
host_alias=''
host_cpu='x86_64'
host_os='linux-gnu'
host_vendor='unknown'
htmldir='${docdir}'
includedir='${prefix}/include'
infodir='${datarootdir}/info'
install_sh='${SHELL} /lhome/labererae/proj/exa-bayes/lib/ncl-2.1.18/config/install-sh'
libdir='${exec_prefix}/lib'
libexecdir='${exec_prefix}/libexec'
localedir='${datarootdir}/locale'
localstatedir='${prefix}/var'
mandir='${datarootdir}/man'
mkdir_p='/bin/mkdir -p'
oldincludedir='/usr/include'
pdfdir='${docdir}'
prefix='/usr/local'
program_transform_name='s,x,x,'
psdir='${docdir}'
sbindir='${exec_prefix}/sbin'
sharedstatedir='${prefix}/com'
sysconfdir='${prefix}/etc'
target_alias=''

## ----------- ##
## confdefs.h. ##
## ----------- ##

/* confdefs.h */
#define PACKAGE_NAME "NCL"
#define PACKAGE_TARNAME "ncl"
#define PACKAGE_VERSION "2.1.18"
#define PACKAGE_STRING "NCL 2.1.18"
#define PACKAGE_BUGREPORT "mtholder@gmail.com"
#define PACKAGE_URL ""
#define PACKAGE "ncl"
#define VERSION "2.1.18"
#define STDC_HEADERS 1
#define HAVE_SYS_TYPES_H 1
#define HAVE_SYS_STAT_H 1
#define HAVE_STDLIB_H 1
#define HAVE_STRING_H 1
#define HAVE_MEMORY_H 1
#define HAVE_STRINGS_H 1
#define HAVE_INTTYPES_H 1
#define HAVE_STDINT_H 1
#define HAVE_UNISTD_H 1
#define HAVE_DLFCN_H 1
#define LT_OBJDIR ".libs/"
#define STDC_HEADERS 1
#define HAVE_FLOAT_H 1
#define HAVE_STDLIB_H 1
#define HAVE__BOOL 1
#define HAVE_STDBOOL_H 1
#define TIME_WITH_SYS_TIME 1
#define HAVE_SYS_TIME_H 1
#define HAVE_UNISTD_H 1
#define HAVE_ALARM 1
#define HAVE_MEMMOVE 1
#define HAVE_STRCHR 1
#define HAVE_STRTOL 1

configure: exit 0
